<?xml version="1.0" encoding="UTF-8"?>
<!-- Generated by org.testng.reporters.JUnitXMLReporter -->
<testsuite hostname="LAPTOP-GGQTNJJE" ignored="0" name="Default test" tests="5" failures="0" timestamp="2023-03-16T10:19:15 IST" time="52.234" errors="0">
  <testcase name="loginTest" time="7.058" classname="TestScripts.TestScript"/>
  <testcase name="ClickItems" time="9.331" classname="TestScripts.TestScript"/>
  <testcase name="ClickItems" time="10.654" classname="TestScripts.TestScript"/>
  <testcase name="RemoveItem" time="4.105" classname="TestScripts.TestScript"/>
  <testcase name="PlaceOrder" time="13.681" classname="TestScripts.TestScript"/>
</testsuite> <!-- Default test -->
